<?xml version="1.0" encoding="UTF-8"?>
<!-- Generated by org.testng.reporters.JUnitReportReporter -->
<testsuite hostname="DESKTOP-CSFQAL8" failures="0" tests="1" name="com.hrms.practice.MetaData" time="0.479" errors="0" timestamp="2020-03-03T21:40:08 EST" skipped="0">
  <testcase classname="com.hrms.practice.MetaData" name="getMetaData" time="0.479"/>
</testsuite> <!-- com.hrms.practice.MetaData -->
