<?xml version="1.0" encoding="UTF-8"?>
<!-- Generated by org.testng.reporters.JUnitReportReporter -->
<testsuite hostname="DESKTOP-CSFQAL8" failures="0" tests="1" name="com.hrms.utils.DatabseDemo" time="1.125" errors="0" timestamp="2020-03-02T19:12:02 EST" skipped="0">
  <testcase classname="com.hrms.utils.DatabseDemo" name="database" time="1.125"/>
</testsuite> <!-- com.hrms.utils.DatabseDemo -->
