<?xml version="1.0" encoding="UTF-8"?>
<!-- Generated by org.testng.reporters.JUnitReportReporter -->
<testsuite hostname="DESKTOP-CSFQAL8" failures="0" tests="1" name="com.hrms.practice.StoringDataFromDB" time="0.442" errors="0" timestamp="2020-03-05T21:17:50 EST" skipped="0">
  <testcase classname="com.hrms.practice.StoringDataFromDB" name="getAndStoreEnhanced" time="0.442"/>
</testsuite> <!-- com.hrms.practice.StoringDataFromDB -->
