<?xml version="1.0" encoding="UTF-8"?>
<!-- Generated by org.testng.reporters.JUnitReportReporter -->
<testsuite hostname="DESKTOP-CSFQAL8" failures="0" tests="1" name="com.hrms.practice.Recap" time="0.460" errors="0" timestamp="2020-03-05T19:53:12 EST" skipped="0">
  <testcase classname="com.hrms.practice.Recap" name="getConnection" time="0.460"/>
</testsuite> <!-- com.hrms.practice.Recap -->
