<?xml version="1.0" encoding="UTF-8"?>
<!-- Generated by org.testng.reporters.JUnitReportReporter -->
<testsuite hostname="DESKTOP-CSFQAL8" failures="0" tests="1" name="com.hrms.practice.Practice" time="0.719" errors="0" timestamp="2020-03-03T21:03:20 EST" skipped="0">
  <testcase classname="com.hrms.practice.Practice" name="allJobTitles" time="0.719"/>
</testsuite> <!-- com.hrms.practice.Practice -->
